{"/Users/serjee/Documents/Projects/wallet-2.0/src/store.ts": {"path":"/Users/serjee/Documents/Projects/wallet-2.0/src/store.ts","statementMap":{"0":{"start":{"line":1,"column":0},"end":{"line":1,"column":40}},"1":{"start":{"line":2,"column":0},"end":{"line":2,"column":52}},"2":{"start":{"line":3,"column":0},"end":{"line":3,"column":62}},"3":{"start":{"line":5,"column":0},"end":{"line":5,"column":63}},"4":{"start":{"line":6,"column":0},"end":{"line":6,"column":68}},"5":{"start":{"line":8,"column":16},"end":{"line":10,"column":2}},"6":{"start":{"line":14,"column":13},"end":{"line":17,"column":2}}},"fnMap":{},"branchMap":{},"s":{"0":1,"1":1,"2":1,"3":1,"4":1,"5":1,"6":1},"f":{},"b":{}}
,"/Users/serjee/Documents/Projects/wallet-2.0/src/modules/transaction-diapason/transaction-diapason.tsx": {"path":"/Users/serjee/Documents/Projects/wallet-2.0/src/modules/transaction-diapason/transaction-diapason.tsx","statementMap":{"0":{"start":{"line":1,"column":0},"end":{"line":1,"column":64}},"1":{"start":{"line":2,"column":0},"end":{"line":2,"column":38}},"2":{"start":{"line":5,"column":0},"end":{"line":5,"column":41}},"3":{"start":{"line":6,"column":0},"end":{"line":6,"column":43}},"4":{"start":{"line":7,"column":0},"end":{"line":7,"column":53}},"5":{"start":{"line":8,"column":0},"end":{"line":8,"column":47}},"6":{"start":{"line":9,"column":0},"end":{"line":9,"column":58}},"7":{"start":{"line":12,"column":13},"end":{"line":15,"column":2}},"8":{"start":{"line":17,"column":31},"end":{"line":22,"column":1}},"9":{"start":{"line":18,"column":1},"end":{"line":21,"column":3}},"10":{"start":{"line":17,"column":13},"end":{"line":17,"column":31}},"11":{"start":{"line":24,"column":34},"end":{"line":33,"column":1}},"12":{"start":{"line":25,"column":1},"end":{"line":32,"column":3}},"13":{"start":{"line":27,"column":3},"end":{"line":27,"column":40}},"14":{"start":{"line":30,"column":3},"end":{"line":30,"column":38}},"15":{"start":{"line":24,"column":13},"end":{"line":24,"column":34}},"16":{"start":{"line":38,"column":60},"end":{"line":95,"column":1}},"17":{"start":{"line":39,"column":50},"end":{"line":39,"column":56}},"18":{"start":{"line":41,"column":7},"end":{"line":41,"column":58}},"19":{"start":{"line":41,"column":18},"end":{"line":41,"column":20}},"20":{"start":{"line":41,"column":33},"end":{"line":41,"column":37}},"21":{"start":{"line":42,"column":7},"end":{"line":42,"column":54}},"22":{"start":{"line":42,"column":16},"end":{"line":42,"column":18}},"23":{"start":{"line":42,"column":29},"end":{"line":42,"column":33}},"24":{"start":{"line":44,"column":1},"end":{"line":47,"column":8}},"25":{"start":{"line":45,"column":2},"end":{"line":45,"column":23}},"26":{"start":{"line":46,"column":2},"end":{"line":46,"column":19}},"27":{"start":{"line":49,"column":20},"end":{"line":49,"column":41}},"28":{"start":{"line":51,"column":22},"end":{"line":64,"column":null}},"29":{"start":{"line":53,"column":3},"end":{"line":62,"column":null}},"30":{"start":{"line":55,"column":23},"end":{"line":55,"column":63}},"31":{"start":{"line":56,"column":5},"end":{"line":56,"column":30}},"32":{"start":{"line":57,"column":5},"end":{"line":57,"column":11}},"33":{"start":{"line":59,"column":21},"end":{"line":59,"column":61}},"34":{"start":{"line":60,"column":5},"end":{"line":60,"column":26}},"35":{"start":{"line":61,"column":5},"end":{"line":61,"column":11}},"36":{"start":{"line":67,"column":26},"end":{"line":73,"column":null}},"37":{"start":{"line":69,"column":3},"end":{"line":69,"column":24}},"38":{"start":{"line":70,"column":3},"end":{"line":70,"column":28}},"39":{"start":{"line":71,"column":3},"end":{"line":71,"column":24}},"40":{"start":{"line":76,"column":1},"end":{"line":94,"column":3}},"41":{"start":{"line":38,"column":13},"end":{"line":38,"column":60}},"42":{"start":{"line":97,"column":13},"end":{"line":100,"column":32}}},"fnMap":{"0":{"name":"(anonymous_7)","decl":{"start":{"line":17,"column":31},"end":{"line":17,"column":32}},"loc":{"start":{"line":17,"column":44},"end":{"line":22,"column":1}}},"1":{"name":"(anonymous_8)","decl":{"start":{"line":24,"column":34},"end":{"line":24,"column":35}},"loc":{"start":{"line":24,"column":53},"end":{"line":33,"column":1}}},"2":{"name":"(anonymous_9)","decl":{"start":{"line":26,"column":16},"end":{"line":26,"column":17}},"loc":{"start":{"line":26,"column":27},"end":{"line":28,"column":3}}},"3":{"name":"(anonymous_10)","decl":{"start":{"line":29,"column":14},"end":{"line":29,"column":15}},"loc":{"start":{"line":29,"column":25},"end":{"line":31,"column":3}}},"4":{"name":"(anonymous_11)","decl":{"start":{"line":38,"column":60},"end":{"line":38,"column":61}},"loc":{"start":{"line":38,"column":66},"end":{"line":95,"column":1}}},"5":{"name":"(anonymous_12)","decl":{"start":{"line":44,"column":11},"end":{"line":44,"column":null}},"loc":{"start":{"line":44,"column":11},"end":{"line":47,"column":2}}},"6":{"name":"(anonymous_13)","decl":{"start":{"line":52,"column":2},"end":{"line":52,"column":3}},"loc":{"start":{"line":52,"column":43},"end":{"line":63,"column":3}}},"7":{"name":"(anonymous_14)","decl":{"start":{"line":68,"column":2},"end":{"line":68,"column":3}},"loc":{"start":{"line":68,"column":23},"end":{"line":72,"column":3}}}},"branchMap":{"0":{"loc":{"start":{"line":54,"column":4},"end":{"line":57,"column":11}},"type":"switch","locations":[{"start":{"line":54,"column":4},"end":{"line":57,"column":11}},{"start":{"line":58,"column":4},"end":{"line":61,"column":11}}]}},"s":{"0":1,"1":1,"2":1,"3":1,"4":1,"5":1,"6":1,"7":1,"8":1,"9":1,"10":1,"11":1,"12":2,"13":1,"14":1,"15":1,"16":1,"17":16,"18":4,"19":4,"20":4,"21":4,"22":4,"23":4,"24":4,"25":1,"26":1,"27":4,"28":4,"29":2,"30":1,"31":1,"32":1,"33":1,"34":1,"35":1,"36":4,"37":1,"38":1,"39":1,"40":4,"41":1,"42":1},"f":{"0":1,"1":2,"2":1,"3":1,"4":4,"5":1,"6":2,"7":1},"b":{"0":[1,1]}}
,"/Users/serjee/Documents/Projects/wallet-2.0/src/modules/transaction-diapason/components/wrapper.tsx": {"path":"/Users/serjee/Documents/Projects/wallet-2.0/src/modules/transaction-diapason/components/wrapper.tsx","statementMap":{"0":{"start":{"line":1,"column":0},"end":{"line":1,"column":37}},"1":{"start":{"line":8,"column":13},"end":{"line":32,"column":2}}},"fnMap":{},"branchMap":{"0":{"loc":{"start":{"line":8,"column":33},"end":{"line":8,"column":null}},"type":"binary-expr","locations":[{"start":{"line":8,"column":33},"end":{"line":8,"column":null}},{"start":{"line":8,"column":33},"end":{"line":32,"column":2}}]}},"s":{"0":1,"1":1},"f":{},"b":{"0":[1,1]}}
,"/Users/serjee/Documents/Projects/wallet-2.0/src/modules/transactions-data-loader/transactions-data-loader.tsx": {"path":"/Users/serjee/Documents/Projects/wallet-2.0/src/modules/transactions-data-loader/transactions-data-loader.tsx","statementMap":{"0":{"start":{"line":1,"column":0},"end":{"line":1,"column":26}},"1":{"start":{"line":2,"column":0},"end":{"line":2,"column":38}},"2":{"start":{"line":5,"column":0},"end":{"line":5,"column":54}},"3":{"start":{"line":7,"column":0},"end":{"line":7,"column":70}},"4":{"start":{"line":9,"column":13},"end":{"line":9,"column":50}},"5":{"start":{"line":11,"column":31},"end":{"line":16,"column":1}},"6":{"start":{"line":12,"column":1},"end":{"line":15,"column":3}},"7":{"start":{"line":11,"column":13},"end":{"line":11,"column":31}},"8":{"start":{"line":19,"column":34},"end":{"line":25,"column":1}},"9":{"start":{"line":20,"column":1},"end":{"line":24,"column":3}},"10":{"start":{"line":22,"column":3},"end":{"line":22,"column":42}},"11":{"start":{"line":19,"column":13},"end":{"line":19,"column":34}},"12":{"start":{"line":30,"column":63},"end":{"line":43,"column":1}},"13":{"start":{"line":31,"column":54},"end":{"line":31,"column":60}},"14":{"start":{"line":33,"column":1},"end":{"line":42,"column":3}},"15":{"start":{"line":30,"column":13},"end":{"line":30,"column":63}},"16":{"start":{"line":45,"column":13},"end":{"line":48,"column":35}}},"fnMap":{"0":{"name":"(anonymous_1)","decl":{"start":{"line":11,"column":31},"end":{"line":11,"column":32}},"loc":{"start":{"line":11,"column":44},"end":{"line":16,"column":1}}},"1":{"name":"(anonymous_2)","decl":{"start":{"line":19,"column":34},"end":{"line":19,"column":35}},"loc":{"start":{"line":19,"column":53},"end":{"line":25,"column":1}}},"2":{"name":"(anonymous_3)","decl":{"start":{"line":21,"column":19},"end":{"line":21,"column":null}},"loc":{"start":{"line":21,"column":19},"end":{"line":23,"column":3}}},"3":{"name":"(anonymous_4)","decl":{"start":{"line":30,"column":63},"end":{"line":30,"column":64}},"loc":{"start":{"line":30,"column":69},"end":{"line":43,"column":1}}}},"branchMap":{},"s":{"0":1,"1":1,"2":1,"3":1,"4":1,"5":1,"6":1,"7":1,"8":1,"9":1,"10":1,"11":1,"12":1,"13":12,"14":3,"15":1,"16":1},"f":{"0":1,"1":1,"2":1,"3":3},"b":{}}
,"/Users/serjee/Documents/Projects/wallet-2.0/src/modules/transactions-list/transactions-list.tsx": {"path":"/Users/serjee/Documents/Projects/wallet-2.0/src/modules/transactions-list/transactions-list.tsx","statementMap":{"0":{"start":{"line":1,"column":0},"end":{"line":1,"column":26}},"1":{"start":{"line":2,"column":0},"end":{"line":2,"column":38}},"2":{"start":{"line":4,"column":0},"end":{"line":4,"column":59}},"3":{"start":{"line":5,"column":0},"end":{"line":5,"column":43}},"4":{"start":{"line":6,"column":0},"end":{"line":6,"column":67}},"5":{"start":{"line":7,"column":0},"end":{"line":7,"column":49}},"6":{"start":{"line":11,"column":31},"end":{"line":15,"column":1}},"7":{"start":{"line":12,"column":1},"end":{"line":14,"column":3}},"8":{"start":{"line":11,"column":13},"end":{"line":11,"column":31}},"9":{"start":{"line":19,"column":57},"end":{"line":27,"column":1}},"10":{"start":{"line":20,"column":26},"end":{"line":20,"column":32}},"11":{"start":{"line":22,"column":1},"end":{"line":26,"column":3}},"12":{"start":{"line":19,"column":13},"end":{"line":19,"column":57}},"13":{"start":{"line":29,"column":13},"end":{"line":31,"column":2}}},"fnMap":{"0":{"name":"(anonymous_1)","decl":{"start":{"line":11,"column":31},"end":{"line":11,"column":32}},"loc":{"start":{"line":11,"column":44},"end":{"line":15,"column":1}}},"1":{"name":"(anonymous_2)","decl":{"start":{"line":19,"column":57},"end":{"line":19,"column":58}},"loc":{"start":{"line":19,"column":63},"end":{"line":27,"column":1}}}},"branchMap":{"0":{"loc":{"start":{"line":24,"column":26},"end":{"line":24,"column":35}},"type":"cond-expr","locations":[{"start":{"line":24,"column":26},"end":{"line":24,"column":35}},{"start":{"line":24,"column":38},"end":{"line":24,"column":58}}]}},"s":{"0":1,"1":1,"2":1,"3":1,"4":1,"5":1,"6":1,"7":1,"8":1,"9":1,"10":2,"11":2,"12":1,"13":1},"f":{"0":1,"1":2},"b":{"0":[1,1]}}
,"/Users/serjee/Documents/Projects/wallet-2.0/src/modules/transactions-list/components/table.tsx": {"path":"/Users/serjee/Documents/Projects/wallet-2.0/src/modules/transactions-list/components/table.tsx","statementMap":{"0":{"start":{"line":1,"column":0},"end":{"line":1,"column":26}},"1":{"start":{"line":2,"column":0},"end":{"line":2,"column":37}},"2":{"start":{"line":4,"column":0},"end":{"line":4,"column":38}},"3":{"start":{"line":6,"column":0},"end":{"line":6,"column":28}},"4":{"start":{"line":7,"column":0},"end":{"line":7,"column":58}},"5":{"start":{"line":10,"column":13},"end":{"line":14,"column":2}},"6":{"start":{"line":17,"column":31},"end":{"line":22,"column":1}},"7":{"start":{"line":18,"column":1},"end":{"line":21,"column":3}},"8":{"start":{"line":17,"column":13},"end":{"line":17,"column":31}},"9":{"start":{"line":25,"column":34},"end":{"line":31,"column":1}},"10":{"start":{"line":26,"column":1},"end":{"line":30,"column":3}},"11":{"start":{"line":28,"column":3},"end":{"line":28,"column":40}},"12":{"start":{"line":25,"column":13},"end":{"line":25,"column":34}},"13":{"start":{"line":36,"column":46},"end":{"line":53,"column":1}},"14":{"start":{"line":37,"column":50},"end":{"line":37,"column":56}},"15":{"start":{"line":39,"column":1},"end":{"line":52,"column":3}},"16":{"start":{"line":42,"column":4},"end":{"line":49,"column":6}},"17":{"start":{"line":36,"column":13},"end":{"line":36,"column":46}},"18":{"start":{"line":55,"column":13},"end":{"line":58,"column":18}}},"fnMap":{"0":{"name":"(anonymous_2)","decl":{"start":{"line":17,"column":31},"end":{"line":17,"column":32}},"loc":{"start":{"line":17,"column":44},"end":{"line":22,"column":1}}},"1":{"name":"(anonymous_3)","decl":{"start":{"line":25,"column":34},"end":{"line":25,"column":35}},"loc":{"start":{"line":25,"column":53},"end":{"line":31,"column":1}}},"2":{"name":"(anonymous_4)","decl":{"start":{"line":27,"column":18},"end":{"line":27,"column":19}},"loc":{"start":{"line":27,"column":29},"end":{"line":29,"column":3}}},"3":{"name":"(anonymous_5)","decl":{"start":{"line":36,"column":46},"end":{"line":36,"column":47}},"loc":{"start":{"line":36,"column":52},"end":{"line":53,"column":1}}},"4":{"name":"(anonymous_6)","decl":{"start":{"line":41,"column":21},"end":{"line":41,"column":22}},"loc":{"start":{"line":41,"column":26},"end":{"line":50,"column":4}}}},"branchMap":{"0":{"loc":{"start":{"line":10,"column":33},"end":{"line":10,"column":null}},"type":"binary-expr","locations":[{"start":{"line":10,"column":33},"end":{"line":10,"column":null}},{"start":{"line":10,"column":33},"end":{"line":14,"column":2}}]}},"s":{"0":2,"1":2,"2":2,"3":2,"4":2,"5":2,"6":2,"7":2,"8":2,"9":2,"10":2,"11":1,"12":2,"13":2,"14":3,"15":1,"16":0,"17":2,"18":2},"f":{"0":2,"1":2,"2":1,"3":1,"4":0},"b":{"0":[2,2]}}
,"/Users/serjee/Documents/Projects/wallet-2.0/src/modules/transactions-list/components/transaction-menu.tsx": {"path":"/Users/serjee/Documents/Projects/wallet-2.0/src/modules/transactions-list/components/transaction-menu.tsx","statementMap":{"0":{"start":{"line":1,"column":0},"end":{"line":1,"column":26}},"1":{"start":{"line":2,"column":0},"end":{"line":2,"column":null}},"2":{"start":{"line":6,"column":0},"end":{"line":6,"column":50}},"3":{"start":{"line":18,"column":47},"end":{"line":34,"column":1}},"4":{"start":{"line":19,"column":42},"end":{"line":19,"column":48}},"5":{"start":{"line":20,"column":1},"end":{"line":33,"column":3}},"6":{"start":{"line":25,"column":20},"end":{"line":25,"column":null}},"7":{"start":{"line":18,"column":13},"end":{"line":18,"column":47}}},"fnMap":{"0":{"name":"(anonymous_1)","decl":{"start":{"line":18,"column":47},"end":{"line":18,"column":48}},"loc":{"start":{"line":18,"column":53},"end":{"line":34,"column":1}}},"1":{"name":"(anonymous_2)","decl":{"start":{"line":25,"column":14},"end":{"line":25,"column":20}},"loc":{"start":{"line":25,"column":14},"end":{"line":25,"column":34}}}},"branchMap":{"0":{"loc":{"start":{"line":23,"column":4},"end":{"line":25,"column":null}},"type":"cond-expr","locations":[{"start":{"line":23,"column":4},"end":{"line":25,"column":null}},{"start":{"line":30,"column":4},"end":{"line":30,"column":68}}]}},"s":{"0":3,"1":3,"2":3,"3":3,"4":9,"5":3,"6":1,"7":3},"f":{"0":3,"1":1},"b":{"0":[2,1]}}
,"/Users/serjee/Documents/Projects/wallet-2.0/src/redux/transactions/saga.ts": {"path":"/Users/serjee/Documents/Projects/wallet-2.0/src/redux/transactions/saga.ts","statementMap":{"0":{"start":{"line":1,"column":0},"end":{"line":1,"column":58}},"1":{"start":{"line":4,"column":0},"end":{"line":4,"column":56}},"2":{"start":{"line":5,"column":0},"end":{"line":5,"column":46}},"3":{"start":{"line":11,"column":8},"end":{"line":11,"column":29}},"4":{"start":{"line":12,"column":2},"end":{"line":12,"column":51}},"5":{"start":{"line":13,"column":19},"end":{"line":13,"column":null}},"6":{"start":{"line":13,"column":8},"end":{"line":13,"column":null}},"7":{"start":{"line":14,"column":6},"end":{"line":14,"column":14}},"8":{"start":{"line":15,"column":3},"end":{"line":15,"column":53}},"9":{"start":{"line":17,"column":2},"end":{"line":17,"column":47}},"10":{"start":{"line":18,"column":2},"end":{"line":18,"column":53}},"11":{"start":{"line":20,"column":2},"end":{"line":20,"column":50}},"12":{"start":{"line":21,"column":2},"end":{"line":21,"column":45}},"13":{"start":{"line":7,"column":0},"end":{"line":7,"column":17}},"14":{"start":{"line":29,"column":8},"end":{"line":29,"column":28}},"15":{"start":{"line":30,"column":2},"end":{"line":30,"column":51}},"16":{"start":{"line":31,"column":19},"end":{"line":31,"column":null}},"17":{"start":{"line":31,"column":8},"end":{"line":31,"column":null}},"18":{"start":{"line":32,"column":6},"end":{"line":32,"column":14}},"19":{"start":{"line":33,"column":3},"end":{"line":33,"column":44}},"20":{"start":{"line":34,"column":3},"end":{"line":34,"column":54}},"21":{"start":{"line":36,"column":3},"end":{"line":36,"column":51}},"22":{"start":{"line":37,"column":3},"end":{"line":37,"column":49}},"23":{"start":{"line":40,"column":2},"end":{"line":40,"column":50}},"24":{"start":{"line":41,"column":2},"end":{"line":41,"column":45}},"25":{"start":{"line":25,"column":0},"end":{"line":25,"column":17}},"26":{"start":{"line":46,"column":1},"end":{"line":46,"column":70}},"27":{"start":{"line":47,"column":1},"end":{"line":47,"column":68}},"28":{"start":{"line":45,"column":0},"end":{"line":45,"column":17}}},"fnMap":{"0":{"name":"getTransactionsWorker","decl":{"start":{"line":7,"column":17},"end":{"line":7,"column":38}},"loc":{"start":{"line":8,"column":30},"end":{"line":23,"column":null}}},"1":{"name":"delTransactionWorker","decl":{"start":{"line":25,"column":17},"end":{"line":25,"column":37}},"loc":{"start":{"line":26,"column":30},"end":{"line":43,"column":null}}},"2":{"name":"watchTransactions","decl":{"start":{"line":45,"column":17},"end":{"line":45,"column":34}},"loc":{"start":{"line":45,"column":34},"end":{"line":48,"column":null}}}},"branchMap":{"0":{"loc":{"start":{"line":17,"column":2},"end":{"line":17,"column":47}},"type":"switch","locations":[{"start":{"line":17,"column":2},"end":{"line":17,"column":47}}]},"1":{"loc":{"start":{"line":14,"column":6},"end":{"line":14,"column":14}},"type":"if","locations":[{"start":{"line":14,"column":6},"end":{"line":14,"column":14}},{"start":{"line":14,"column":6},"end":{"line":14,"column":14}}]},"2":{"loc":{"start":{"line":36,"column":3},"end":{"line":36,"column":51}},"type":"switch","locations":[{"start":{"line":36,"column":3},"end":{"line":36,"column":51}}]},"3":{"loc":{"start":{"line":32,"column":6},"end":{"line":32,"column":14}},"type":"if","locations":[{"start":{"line":32,"column":6},"end":{"line":32,"column":14}},{"start":{"line":32,"column":6},"end":{"line":32,"column":14}}]},"4":{"loc":{"start":{"line":46,"column":1},"end":{"line":46,"column":70}},"type":"switch","locations":[{"start":{"line":46,"column":1},"end":{"line":46,"column":70}}]}},"s":{"0":6,"1":6,"2":6,"3":3,"4":6,"5":3,"6":3,"7":3,"8":2,"9":4,"10":4,"11":2,"12":2,"13":6,"14":3,"15":6,"16":3,"17":3,"18":3,"19":2,"20":2,"21":2,"22":2,"23":2,"24":2,"25":6,"26":4,"27":4,"28":6},"f":{"0":4,"1":4,"2":2},"b":{"0":[2],"1":[1,1],"2":[1],"3":[1,1],"4":[2]}}
,"/Users/serjee/Documents/Projects/wallet-2.0/src/redux/transactions/selectors.ts": {"path":"/Users/serjee/Documents/Projects/wallet-2.0/src/redux/transactions/selectors.ts","statementMap":{"0":{"start":{"line":2,"column":0},"end":{"line":2,"column":50}},"1":{"start":{"line":8,"column":19},"end":{"line":8,"column":42}},"2":{"start":{"line":8,"column":37},"end":{"line":8,"column":56}},"3":{"start":{"line":10,"column":20},"end":{"line":12,"column":null}},"4":{"start":{"line":12,"column":31},"end":{"line":12,"column":null}},"5":{"start":{"line":15,"column":21},"end":{"line":17,"column":null}},"6":{"start":{"line":17,"column":31},"end":{"line":17,"column":null}},"7":{"start":{"line":20,"column":30},"end":{"line":22,"column":null}},"8":{"start":{"line":22,"column":31},"end":{"line":22,"column":null}},"9":{"start":{"line":25,"column":20},"end":{"line":27,"column":null}},"10":{"start":{"line":27,"column":31},"end":{"line":27,"column":null}},"11":{"start":{"line":30,"column":18},"end":{"line":32,"column":null}},"12":{"start":{"line":32,"column":31},"end":{"line":32,"column":null}},"13":{"start":{"line":35,"column":27},"end":{"line":40,"column":null}},"14":{"start":{"line":40,"column":2},"end":{"line":40,"column":null}},"15":{"start":{"line":40,"column":32},"end":{"line":40,"column":71}},"16":{"start":{"line":43,"column":27},"end":{"line":59,"column":null}},"17":{"start":{"line":46,"column":15},"end":{"line":53,"column":8}},"18":{"start":{"line":47,"column":3},"end":{"line":51,"column":null}},"19":{"start":{"line":48,"column":4},"end":{"line":48,"column":49}},"20":{"start":{"line":50,"column":4},"end":{"line":50,"column":32}},"21":{"start":{"line":52,"column":3},"end":{"line":52,"column":14}},"22":{"start":{"line":55,"column":2},"end":{"line":58,"column":4}},"23":{"start":{"line":62,"column":13},"end":{"line":70,"column":2}}},"fnMap":{"0":{"name":"(anonymous_0)","decl":{"start":{"line":8,"column":19},"end":{"line":8,"column":20}},"loc":{"start":{"line":8,"column":32},"end":{"line":8,"column":42}}},"1":{"name":"(anonymous_1)","decl":{"start":{"line":12,"column":1},"end":{"line":12,"column":2}},"loc":{"start":{"line":12,"column":26},"end":{"line":12,"column":36}}},"2":{"name":"(anonymous_2)","decl":{"start":{"line":17,"column":1},"end":{"line":17,"column":2}},"loc":{"start":{"line":17,"column":26},"end":{"line":17,"column":36}}},"3":{"name":"(anonymous_3)","decl":{"start":{"line":22,"column":1},"end":{"line":22,"column":2}},"loc":{"start":{"line":22,"column":26},"end":{"line":22,"column":36}}},"4":{"name":"(anonymous_4)","decl":{"start":{"line":27,"column":1},"end":{"line":27,"column":2}},"loc":{"start":{"line":27,"column":26},"end":{"line":27,"column":36}}},"5":{"name":"(anonymous_5)","decl":{"start":{"line":32,"column":1},"end":{"line":32,"column":2}},"loc":{"start":{"line":32,"column":26},"end":{"line":32,"column":36}}},"6":{"name":"(anonymous_6)","decl":{"start":{"line":39,"column":1},"end":{"line":39,"column":2}},"loc":{"start":{"line":39,"column":26},"end":{"line":40,"column":14}}},"7":{"name":"(anonymous_7)","decl":{"start":{"line":40,"column":22},"end":{"line":40,"column":23}},"loc":{"start":{"line":40,"column":27},"end":{"line":40,"column":36}}},"8":{"name":"(anonymous_8)","decl":{"start":{"line":45,"column":1},"end":{"line":45,"column":2}},"loc":{"start":{"line":45,"column":14},"end":{"line":59,"column":2}}},"9":{"name":"(anonymous_9)","decl":{"start":{"line":46,"column":35},"end":{"line":46,"column":36}},"loc":{"start":{"line":46,"column":69},"end":{"line":53,"column":3}}}},"branchMap":{"0":{"loc":{"start":{"line":40,"column":32},"end":{"line":40,"column":50}},"type":"binary-expr","locations":[{"start":{"line":40,"column":32},"end":{"line":40,"column":50}},{"start":{"line":40,"column":54},"end":{"line":40,"column":70}}]},"1":{"loc":{"start":{"line":47,"column":3},"end":{"line":51,"column":null}},"type":"if","locations":[{"start":{"line":47,"column":3},"end":{"line":51,"column":null}},{"start":{"line":47,"column":3},"end":{"line":51,"column":null}}]}},"s":{"0":6,"1":6,"2":29,"3":6,"4":2,"5":6,"6":4,"7":6,"8":7,"9":6,"10":8,"11":6,"12":8,"13":6,"14":5,"15":21,"16":6,"17":1,"18":7,"19":2,"20":5,"21":7,"22":1,"23":6},"f":{"0":29,"1":2,"2":4,"3":7,"4":8,"5":8,"6":5,"7":21,"8":1,"9":7},"b":{"0":[21,14],"1":[2,5]}}
,"/Users/serjee/Documents/Projects/wallet-2.0/src/redux/transactions/slice.ts": {"path":"/Users/serjee/Documents/Projects/wallet-2.0/src/redux/transactions/slice.ts","statementMap":{"0":{"start":{"line":1,"column":0},"end":{"line":1,"column":76}},"1":{"start":{"line":3,"column":0},"end":{"line":3,"column":null}},"2":{"start":{"line":4,"column":1},"end":{"line":4,"column":null}},"3":{"start":{"line":5,"column":1},"end":{"line":5,"column":null}},"4":{"start":{"line":6,"column":1},"end":{"line":6,"column":null}},"5":{"start":{"line":7,"column":1},"end":{"line":7,"column":null}},"6":{"start":{"line":8,"column":1},"end":{"line":8,"column":null}},"7":{"start":{"line":28,"column":13},"end":{"line":34,"column":2}},"8":{"start":{"line":36,"column":24},"end":{"line":36,"column":76}},"9":{"start":{"line":37,"column":23},"end":{"line":37,"column":74}},"10":{"start":{"line":39,"column":13},"end":{"line":69,"column":3}},"11":{"start":{"line":43,"column":34},"end":{"line":43,"column":66}},"12":{"start":{"line":44,"column":3},"end":{"line":44,"column":32}},"13":{"start":{"line":45,"column":3},"end":{"line":45,"column":20}},"14":{"start":{"line":47,"column":36},"end":{"line":47,"column":61}},"15":{"start":{"line":48,"column":3},"end":{"line":50,"column":5}},"16":{"start":{"line":49,"column":14},"end":{"line":49,"column":null}},"17":{"start":{"line":52,"column":31},"end":{"line":52,"column":54}},"18":{"start":{"line":53,"column":3},"end":{"line":53,"column":25}},"19":{"start":{"line":55,"column":29},"end":{"line":55,"column":52}},"20":{"start":{"line":56,"column":3},"end":{"line":56,"column":23}},"21":{"start":{"line":58,"column":28},"end":{"line":58,"column":57}},"22":{"start":{"line":59,"column":3},"end":{"line":59,"column":26}},"23":{"start":{"line":61,"column":27},"end":{"line":61,"column":52}},"24":{"start":{"line":62,"column":3},"end":{"line":62,"column":25}},"25":{"start":{"line":66,"column":3},"end":{"line":66,"column":31}},"26":{"start":{"line":71,"column":15},"end":{"line":71,"column":45}},"27":{"start":{"line":73,"column":13},"end":{"line":76,"column":null}}},"fnMap":{"0":{"name":"(anonymous_2)","decl":{"start":{"line":3,"column":0},"end":{"line":3,"column":12}},"loc":{"start":{"line":3,"column":22},"end":{"line":9,"column":1}}},"1":{"name":"(anonymous_3)","decl":{"start":{"line":43,"column":2},"end":{"line":43,"column":17}},"loc":{"start":{"line":43,"column":66},"end":{"line":46,"column":3}}},"2":{"name":"(anonymous_4)","decl":{"start":{"line":47,"column":2},"end":{"line":47,"column":19}},"loc":{"start":{"line":47,"column":61},"end":{"line":51,"column":3}}},"3":{"name":"(anonymous_5)","decl":{"start":{"line":49,"column":4},"end":{"line":49,"column":5}},"loc":{"start":{"line":49,"column":9},"end":{"line":49,"column":18}}},"4":{"name":"(anonymous_6)","decl":{"start":{"line":52,"column":2},"end":{"line":52,"column":14}},"loc":{"start":{"line":52,"column":54},"end":{"line":54,"column":3}}},"5":{"name":"(anonymous_7)","decl":{"start":{"line":55,"column":2},"end":{"line":55,"column":12}},"loc":{"start":{"line":55,"column":52},"end":{"line":57,"column":3}}},"6":{"name":"(anonymous_8)","decl":{"start":{"line":58,"column":2},"end":{"line":58,"column":11}},"loc":{"start":{"line":58,"column":57},"end":{"line":60,"column":3}}},"7":{"name":"(anonymous_9)","decl":{"start":{"line":61,"column":2},"end":{"line":61,"column":10}},"loc":{"start":{"line":61,"column":52},"end":{"line":63,"column":3}}},"8":{"name":"(anonymous_10)","decl":{"start":{"line":64,"column":7},"end":{"line":64,"column":8}},"loc":{"start":{"line":64,"column":13},"end":{"line":67,"column":3}}}},"branchMap":{"0":{"loc":{"start":{"line":3,"column":12},"end":{"line":3,"column":22}},"type":"binary-expr","locations":[{"start":{"line":3,"column":12},"end":{"line":3,"column":22}},{"start":{"line":3,"column":12},"end":{"line":3,"column":null}}]}},"s":{"0":8,"1":8,"2":8,"3":8,"4":8,"5":8,"6":8,"7":8,"8":8,"9":8,"10":8,"11":3,"12":3,"13":3,"14":2,"15":2,"16":14,"17":2,"18":2,"19":1,"20":1,"21":13,"22":13,"23":4,"24":4,"25":1,"26":8,"27":8},"f":{"0":8,"1":3,"2":2,"3":14,"4":2,"5":1,"6":13,"7":4,"8":1},"b":{"0":[8,8]}}
,"/Users/serjee/Documents/Projects/wallet-2.0/src/themes/dark.ts": {"path":"/Users/serjee/Documents/Projects/wallet-2.0/src/themes/dark.ts","statementMap":{"0":{"start":{"line":1,"column":13},"end":{"line":25,"column":2}}},"fnMap":{},"branchMap":{},"s":{"0":2},"f":{},"b":{}}
}
