TN:
SF:src/store.ts
FNF:0
FNH:0
DA:1,1
DA:2,1
DA:3,1
DA:5,1
DA:6,1
DA:8,1
DA:14,1
LF:7
LH:7
BRF:0
BRH:0
end_of_record
TN:
SF:src/modules/transaction-diapason/transaction-diapason.tsx
FN:17,(anonymous_7)
FN:24,(anonymous_8)
FN:26,(anonymous_9)
FN:29,(anonymous_10)
FN:38,(anonymous_11)
FN:44,(anonymous_12)
FN:52,(anonymous_13)
FN:68,(anonymous_14)
FNF:8
FNH:8
FNDA:1,(anonymous_7)
FNDA:2,(anonymous_8)
FNDA:1,(anonymous_9)
FNDA:1,(anonymous_10)
FNDA:4,(anonymous_11)
FNDA:1,(anonymous_12)
FNDA:2,(anonymous_13)
FNDA:1,(anonymous_14)
DA:1,1
DA:2,1
DA:5,1
DA:6,1
DA:7,1
DA:8,1
DA:9,1
DA:12,1
DA:17,1
DA:18,1
DA:24,1
DA:25,2
DA:27,1
DA:30,1
DA:38,1
DA:39,16
DA:41,4
DA:42,4
DA:44,4
DA:45,1
DA:46,1
DA:49,4
DA:51,4
DA:53,2
DA:55,1
DA:56,1
DA:57,1
DA:59,1
DA:60,1
DA:61,1
DA:67,4
DA:69,1
DA:70,1
DA:71,1
DA:76,4
DA:97,1
LF:36
LH:36
BRDA:54,0,0,1
BRDA:54,0,1,1
BRF:2
BRH:2
end_of_record
TN:
SF:src/modules/transaction-diapason/components/wrapper.tsx
FNF:0
FNH:0
DA:1,1
DA:8,1
LF:2
LH:2
BRDA:8,0,0,1
BRDA:8,0,1,1
BRF:2
BRH:2
end_of_record
TN:
SF:src/modules/transactions-data-loader/transactions-data-loader.tsx
FN:11,(anonymous_1)
FN:19,(anonymous_2)
FN:21,(anonymous_3)
FN:30,(anonymous_4)
FNF:4
FNH:4
FNDA:1,(anonymous_1)
FNDA:1,(anonymous_2)
FNDA:1,(anonymous_3)
FNDA:3,(anonymous_4)
DA:1,1
DA:2,1
DA:5,1
DA:7,1
DA:9,1
DA:11,1
DA:12,1
DA:19,1
DA:20,1
DA:22,1
DA:30,1
DA:31,12
DA:33,3
DA:45,1
LF:14
LH:14
BRF:0
BRH:0
end_of_record
TN:
SF:src/modules/transactions-list/transactions-list.tsx
FN:11,(anonymous_1)
FN:19,(anonymous_2)
FNF:2
FNH:2
FNDA:1,(anonymous_1)
FNDA:2,(anonymous_2)
DA:1,1
DA:2,1
DA:4,1
DA:5,1
DA:6,1
DA:7,1
DA:11,1
DA:12,1
DA:19,1
DA:20,2
DA:22,2
DA:29,1
LF:12
LH:12
BRDA:24,0,0,1
BRDA:24,0,1,1
BRF:2
BRH:2
end_of_record
TN:
SF:src/modules/transactions-list/components/table.tsx
FN:17,(anonymous_2)
FN:25,(anonymous_3)
FN:27,(anonymous_4)
FN:36,(anonymous_5)
FN:41,(anonymous_6)
FNF:5
FNH:4
FNDA:2,(anonymous_2)
FNDA:2,(anonymous_3)
FNDA:1,(anonymous_4)
FNDA:1,(anonymous_5)
FNDA:0,(anonymous_6)
DA:1,2
DA:2,2
DA:4,2
DA:6,2
DA:7,2
DA:10,2
DA:17,2
DA:18,2
DA:25,2
DA:26,2
DA:28,1
DA:36,2
DA:37,3
DA:39,1
DA:42,0
DA:55,2
LF:16
LH:15
BRDA:10,0,0,2
BRDA:10,0,1,2
BRF:2
BRH:2
end_of_record
TN:
SF:src/modules/transactions-list/components/transaction-menu.tsx
FN:18,(anonymous_1)
FN:25,(anonymous_2)
FNF:2
FNH:2
FNDA:3,(anonymous_1)
FNDA:1,(anonymous_2)
DA:1,3
DA:2,3
DA:6,3
DA:18,3
DA:19,9
DA:20,3
DA:25,1
LF:7
LH:7
BRDA:23,0,0,2
BRDA:23,0,1,1
BRF:2
BRH:2
end_of_record
TN:
SF:src/redux/transactions/saga.ts
FN:7,getTransactionsWorker
FN:25,delTransactionWorker
FN:45,watchTransactions
FNF:3
FNH:3
FNDA:4,getTransactionsWorker
FNDA:4,delTransactionWorker
FNDA:2,watchTransactions
DA:1,6
DA:4,6
DA:5,6
DA:7,6
DA:11,3
DA:12,6
DA:13,3
DA:14,3
DA:15,2
DA:17,4
DA:18,4
DA:20,2
DA:21,2
DA:25,6
DA:29,3
DA:30,6
DA:31,3
DA:32,3
DA:33,2
DA:34,2
DA:36,2
DA:37,2
DA:40,2
DA:41,2
DA:45,6
DA:46,4
DA:47,4
LF:27
LH:27
BRDA:17,0,0,2
BRDA:14,1,0,1
BRDA:14,1,1,1
BRDA:36,2,0,1
BRDA:32,3,0,1
BRDA:32,3,1,1
BRDA:46,4,0,2
BRF:7
BRH:7
end_of_record
TN:
SF:src/redux/transactions/selectors.ts
FN:8,(anonymous_0)
FN:12,(anonymous_1)
FN:17,(anonymous_2)
FN:22,(anonymous_3)
FN:27,(anonymous_4)
FN:32,(anonymous_5)
FN:39,(anonymous_6)
FN:40,(anonymous_7)
FN:45,(anonymous_8)
FN:46,(anonymous_9)
FNF:10
FNH:10
FNDA:29,(anonymous_0)
FNDA:2,(anonymous_1)
FNDA:4,(anonymous_2)
FNDA:7,(anonymous_3)
FNDA:8,(anonymous_4)
FNDA:8,(anonymous_5)
FNDA:5,(anonymous_6)
FNDA:21,(anonymous_7)
FNDA:1,(anonymous_8)
FNDA:7,(anonymous_9)
DA:2,6
DA:8,29
DA:10,6
DA:12,2
DA:15,6
DA:17,4
DA:20,6
DA:22,7
DA:25,6
DA:27,8
DA:30,6
DA:32,8
DA:35,6
DA:40,21
DA:43,6
DA:46,1
DA:47,7
DA:48,2
DA:50,5
DA:52,7
DA:55,1
DA:62,6
LF:22
LH:22
BRDA:40,0,0,21
BRDA:40,0,1,14
BRDA:47,1,0,2
BRDA:47,1,1,5
BRF:4
BRH:4
end_of_record
TN:
SF:src/redux/transactions/slice.ts
FN:3,(anonymous_2)
FN:43,(anonymous_3)
FN:47,(anonymous_4)
FN:49,(anonymous_5)
FN:52,(anonymous_6)
FN:55,(anonymous_7)
FN:58,(anonymous_8)
FN:61,(anonymous_9)
FN:64,(anonymous_10)
FNF:9
FNH:9
FNDA:8,(anonymous_2)
FNDA:3,(anonymous_3)
FNDA:2,(anonymous_4)
FNDA:14,(anonymous_5)
FNDA:2,(anonymous_6)
FNDA:1,(anonymous_7)
FNDA:13,(anonymous_8)
FNDA:4,(anonymous_9)
FNDA:1,(anonymous_10)
DA:1,8
DA:3,8
DA:4,8
DA:5,8
DA:6,8
DA:7,8
DA:8,8
DA:28,8
DA:36,8
DA:37,8
DA:39,8
DA:43,3
DA:44,3
DA:45,3
DA:47,2
DA:48,2
DA:49,14
DA:52,2
DA:53,2
DA:55,1
DA:56,1
DA:58,13
DA:59,13
DA:61,4
DA:62,4
DA:66,1
DA:71,8
DA:73,8
LF:28
LH:28
BRDA:3,0,0,8
BRDA:3,0,1,8
BRF:2
BRH:2
end_of_record
TN:
SF:src/themes/dark.ts
FNF:0
FNH:0
DA:1,2
LF:1
LH:1
BRF:0
BRH:0
end_of_record
